<?xml version="1.0" encoding="UTF-8"?>
<testng-results ignored="0" total="1" passed="1" failed="0" skipped="0">
  <reporter-output>
  </reporter-output>
  <suite started-at="2024-04-12T14:46:41 IST" name="Default suite" finished-at="2024-04-12T14:46:57 IST" duration-ms="16026">
    <groups>
    </groups>
    <test started-at="2024-04-12T14:46:41 IST" name="Default test" finished-at="2024-04-12T14:46:57 IST" duration-ms="16026">
      <class name="testCases.CompanyTC">
        <test-method is-config="true" signature="login()[pri:0, instance:testCases.CompanyTC@5ab14cb9]" started-at="2024-04-12T14:46:41 IST" name="login" finished-at="2024-04-12T14:46:48 IST" duration-ms="6586" status="PASS">
          <reporter-output>
          </reporter-output>
        </test-method> <!-- login -->
        <test-method signature="companyModule()[pri:0, instance:testCases.CompanyTC@5ab14cb9]" started-at="2024-04-12T14:46:48 IST" name="companyModule" finished-at="2024-04-12T14:46:57 IST" duration-ms="9339" status="PASS">
          <reporter-output>
          </reporter-output>
        </test-method> <!-- companyModule -->
      </class> <!-- testCases.CompanyTC -->
    </test> <!-- Default test -->
  </suite> <!-- Default suite -->
</testng-results>
