<?xml version="1.0" encoding="UTF-8"?>
<testng-results ignored="0" total="1" passed="1" failed="0" skipped="0">
  <reporter-output>
  </reporter-output>
  <suite started-at="2024-04-22T13:54:02 IST" name="Default suite" finished-at="2024-04-22T13:55:06 IST" duration-ms="64375">
    <groups>
    </groups>
    <test started-at="2024-04-22T13:54:02 IST" name="Default test" finished-at="2024-04-22T13:55:06 IST" duration-ms="64375">
      <class name="testCases.settingsTC">
        <test-method is-config="true" signature="login()[pri:0, instance:testCases.settingsTC@5ab14cb9]" started-at="2024-04-22T13:54:02 IST" name="login" finished-at="2024-04-22T13:54:06 IST" duration-ms="4364" status="PASS">
          <reporter-output>
          </reporter-output>
        </test-method> <!-- login -->
        <test-method signature="companyModule()[pri:0, instance:testCases.settingsTC@5ab14cb9]" started-at="2024-04-22T13:54:06 IST" name="companyModule" finished-at="2024-04-22T13:55:06 IST" duration-ms="59935" status="PASS">
          <reporter-output>
          </reporter-output>
        </test-method> <!-- companyModule -->
      </class> <!-- testCases.settingsTC -->
    </test> <!-- Default test -->
  </suite> <!-- Default suite -->
</testng-results>
